timeStamp,elapsed,responseCode,threadName,bytes,sentBytes,grpThreads,allThreads,Latency,SampleCount,ErrorCount,IdleTime,Connect
1552326896072,121,200,jp@gc - Ultimate Thread Group 1-1,172,221,1,1,121,1,0,0,76
1552326896193,7108,200,jp@gc - Ultimate Thread Group 1-1,172,221,1,1,7108,1,0,0,7072
1552326903302,7107,200,jp@gc - Ultimate Thread Group 1-1,172,221,1,1,7107,1,0,0,7070
1552326910410,7097,200,jp@gc - Ultimate Thread Group 1-1,172,221,1,1,7097,1,0,0,7061
1552326917508,7111,200,jp@gc - Ultimate Thread Group 1-1,172,221,1,1,7111,1,0,0,7073
1552326924618,7115,200,jp@gc - Ultimate Thread Group 1-1,172,221,1,1,7115,1,0,0,7076
1552326936073,2089,200,jp@gc - Ultimate Thread Group 1-2,172,221,2,2,2089,1,0,0,2052
1552326938163,7093,200,jp@gc - Ultimate Thread Group 1-2,172,221,2,2,7093,1,0,0,7057
1552326945255,7096,200,jp@gc - Ultimate Thread Group 1-2,172,221,2,2,7096,1,0,0,7060
1552326952352,7103,200,jp@gc - Ultimate Thread Group 1-2,172,221,2,2,7103,1,0,0,7065
1552326959454,7095,200,jp@gc - Ultimate Thread Group 1-2,172,221,2,2,7095,1,0,0,7059
1552326971072,2084,200,jp@gc - Ultimate Thread Group 1-4,172,221,3,3,2084,1,0,0,2047
1552326976073,3083,200,jp@gc - Ultimate Thread Group 1-3,172,221,4,4,3083,1,0,0,3046
1552326966549,19162,200,jp@gc - Ultimate Thread Group 1-2,172,221,4,4,19162,1,0,0,19126
1552326973157,19161,200,jp@gc - Ultimate Thread Group 1-4,172,221,4,4,19161,1,0,0,19124
1552326979157,19170,200,jp@gc - Ultimate Thread Group 1-3,172,221,4,4,19170,1,0,0,19135
1552326985712,19154,200,jp@gc - Ultimate Thread Group 1-2,172,221,4,4,19154,1,0,0,19116
1552327008573,2095,200,jp@gc - Ultimate Thread Group 1-8,172,221,5,5,2095,1,0,0,2052
1552327011074,5102,200,jp@gc - Ultimate Thread Group 1-7,172,221,8,8,5102,1,0,0,5067
1552327016072,7121,200,jp@gc - Ultimate Thread Group 1-5,172,221,8,8,7121,1,0,0,7083
1552327010669,19176,200,jp@gc - Ultimate Thread Group 1-8,172,221,8,8,19176,1,0,0,19139
1552327016175,19172,200,jp@gc - Ultimate Thread Group 1-7,172,221,8,8,19172,1,0,0,19136
1552327007048,35254,200,jp@gc - Ultimate Thread Group 1-1,172,221,8,8,35254,1,0,0,35218
1552327047322,1081,200,jp@gc - Ultimate Thread Group 1-16,172,221,9,9,1081,1,0,0,1044
1552327051073,3094,200,jp@gc - Ultimate Thread Group 1-13,172,221,14,14,3094,1,0,0,3056
1552327056074,4100,200,jp@gc - Ultimate Thread Group 1-9,172,221,16,16,4100,1,0,0,4063
1552327060175,7134,200,jp@gc - Ultimate Thread Group 1-9,172,221,16,16,7134,1,0,0,7097
1552327054167,19166,200,jp@gc - Ultimate Thread Group 1-13,172,221,16,16,19166,1,0,0,19129
1552327080237,76,200,jp@gc - Ultimate Thread Group 1-2,172,221,16,16,76,1,0,0,34
1552327067310,19162,200,jp@gc - Ultimate Thread Group 1-9,172,221,16,16,19162,1,0,0,19126
1552327091074,1080,200,jp@gc - Ultimate Thread Group 1-25,172,221,25,25,1080,1,0,0,1045
1552327096072,2086,200,jp@gc - Ultimate Thread Group 1-17,172,221,32,32,2086,1,0,0,2051
1552327093571,11164,200,jp@gc - Ultimate Thread Group 1-21,172,221,32,32,11164,1,0,0,11127
1552327105278,5110,200,jp@gc - Ultimate Thread Group 1-8,172,221,32,32,5110,1,0,0,5072
1552327049819,67481,200,jp@gc - Ultimate Thread Group 1-14,172,221,32,32,67481,1,0,0,67445
1552327087950,35340,200,jp@gc - Ultimate Thread Group 1-30,172,221,32,32,35340,1,0,0,35304
1552327129143,67,200,jp@gc - Ultimate Thread Group 1-11,172,221,42,42,67,1,0,0,32
1552327132008,3185,200,jp@gc - Ultimate Thread Group 1-46,172,221,61,61,3185,1,0,0,3149
1552327133886,7368,200,jp@gc - Ultimate Thread Group 1-40,172,221,64,64,7368,1,0,0,7331
1552327127320,20061,200,jp@gc - Ultimate Thread Group 1-61,172,221,64,64,20061,1,0,0,19911
1552327133575,19681,200,jp@gc - Ultimate Thread Group 1-41,172,221,64,64,19681,1,0,0,19646
1552327123292,36249,200,jp@gc - Ultimate Thread Group 1-30,172,221,64,64,36249,1,0,0,36213
1552327163128,2083,200,jp@gc - Ultimate Thread Group 1-32,172,221,64,64,2083,1,0,0,2048
1552327169043,2132,200,jp@gc - Ultimate Thread Group 1-110,172,221,96,96,2132,1,0,0,2095
1552327169821,7334,200,jp@gc - Ultimate Thread Group 1-105,172,221,128,128,7334,1,0,0,7297
1552327175916,7236,200,jp@gc - Ultimate Thread Group 1-66,172,221,128,128,7236,1,0,0,7200
1552327169665,19545,200,jp@gc - Ultimate Thread Group 1-106,172,221,128,128,19545,1,0,0,19507
1552327175758,19396,200,jp@gc - Ultimate Thread Group 1-67,172,221,128,128,19396,1,0,0,19361
1552327194146,7124,200,jp@gc - Ultimate Thread Group 1-14,172,221,128,128,7124,1,0,0,7088
1552327207088,69,200,jp@gc - Ultimate Thread Group 1-244,172,221,141,141,69,1,0,0,34
1552327212023,1141,200,jp@gc - Ultimate Thread Group 1-46,172,221,218,218,1141,1,0,0,1104
1552327215915,3248,200,jp@gc - Ultimate Thread Group 1-131,172,221,256,256,3248,1,0,0,3209
1552327213648,11579,200,jp@gc - Ultimate Thread Group 1-160,172,221,256,256,11579,1,0,0,11540
1552327211309,19850,200,jp@gc - Ultimate Thread Group 1-190,172,221,256,256,19850,1,0,0,19813
1552327168416,68866,200,jp@gc - Ultimate Thread Group 1-114,172,221,256,256,68866,1,0,0,68832
1552327206933,36251,200,jp@gc - Ultimate Thread Group 1-246,172,221,256,256,36251,1,0,0,36214
1552327246928,2229,200,jp@gc - Ultimate Thread Group 1-491,172,221,335,335,2229,1,0,0,2187
1552327251728,3425,200,jp@gc - Ultimate Thread Group 1-75,172,221,488,488,3425,1,0,0,3390
1552327255644,5522,200,jp@gc - Ultimate Thread Group 1-268,172,221,512,512,5522,1,0,0,5479
1552327246580,20583,200,jp@gc - Ultimate Thread Group 1-500,172,221,512,512,20583,1,0,0,20548
1552327252985,20202,200,jp@gc - Ultimate Thread Group 1-336,172,221,512,512,20202,1,0,0,20166
1552327242135,37021,200,jp@gc - Ultimate Thread Group 1-32,172,221,512,512,37021,1,0,0,36985
1552327248218,36942,200,jp@gc - Ultimate Thread Group 1-458,172,221,512,512,36942,1,0,0,36904
1552327287595,3560,200,jp@gc - Ultimate Thread Group 1-947,172,221,772,772,3560,1,0,0,3522
1552327292338,4825,200,jp@gc - Ultimate Thread Group 1-704,172,221,1024,1024,4825,1,0,0,4786
1552327295017,8142,200,jp@gc - Ultimate Thread Group 1-567,172,221,1024,1024,8142,1,0,0,8101
1552327287517,21649,200,jp@gc - Ultimate Thread Group 1-951,172,221,1024,1024,21649,1,0,0,21613
1552327294177,20993,200,jp@gc - Ultimate Thread Group 1-610,172,221,1024,1024,20993,1,0,0,20951
1552327321082,72,200,jp@gc - Ultimate Thread Group 1-31,172,221,1024,1024,72,1,0,0,32
1552327255290,71870,200,jp@gc - Ultimate Thread Group 1-277,172,221,1003,1003,71870,1,0,0,71832
1552327295429,37727,200,jp@gc - Ultimate Thread Group 1-546,172,221,808,808,37727,1,0,0,37687
1552327303159,36823,200,jp@gc - Ultimate Thread Group 1-567,172,221,716,716,36823,1,0,0,36788
1552327325424,19753,200,jp@gc - Ultimate Thread Group 1-117,172,221,712,712,19753,1,0,0,19716
1552327315170,36187,200,jp@gc - Ultimate Thread Group 1-610,172,221,708,708,36187,1,0,0,36147
1552327321154,36025,200,jp@gc - Ultimate Thread Group 1-31,172,221,704,704,36025,1,0,0,35988
1552327292438,70722,200,jp@gc - Ultimate Thread Group 1-699,172,221,692,692,70722,1,0,0,70685
1552327300330,69820,200,jp@gc - Ultimate Thread Group 1-4,172,221,340,340,69820,1,0,0,69783
1552327306476,69401,200,jp@gc - Ultimate Thread Group 1-13,172,221,32,32,69401,1,0,0,69365
1552327309167,69252,200,jp@gc - Ultimate Thread Group 1-951,172,221,30,30,69252,1,0,0,69214
1552327310375,69193,200,jp@gc - Ultimate Thread Group 1-41,172,221,29,29,69193,1,0,0,69157
1552327311319,69156,200,jp@gc - Ultimate Thread Group 1-190,172,221,28,28,69156,1,0,0,69117
1552327313841,69023,200,jp@gc - Ultimate Thread Group 1-2,172,221,25,25,69023,1,0,0,68985
1552327316789,68877,200,jp@gc - Ultimate Thread Group 1-30,172,221,23,23,68877,1,0,0,68841
1552327317652,68867,200,jp@gc - Ultimate Thread Group 1-114,172,221,22,22,68867,1,0,0,68832
1552327320206,68815,200,jp@gc - Ultimate Thread Group 1-9,172,221,21,21,68815,1,0,0,68779
1552327322356,68760,200,jp@gc - Ultimate Thread Group 1-29,172,221,20,20,68760,1,0,0,68724
1552327322750,68753,200,jp@gc - Ultimate Thread Group 1-6,172,221,19,19,68753,1,0,0,68716
1552327323005,68741,200,jp@gc - Ultimate Thread Group 1-28,172,221,18,18,68741,1,0,0,68706
1552327323625,68721,200,jp@gc - Ultimate Thread Group 1-128,172,221,17,17,68721,1,0,0,68686
1552327323649,68723,200,jp@gc - Ultimate Thread Group 1-246,172,221,16,16,68723,1,0,0,68687
1552327323652,68721,200,jp@gc - Ultimate Thread Group 1-27,172,221,15,15,68721,1,0,0,68684
1552327323786,68727,200,jp@gc - Ultimate Thread Group 1-127,172,221,14,14,68727,1,0,0,68690
1552327323946,68724,200,jp@gc - Ultimate Thread Group 1-126,172,221,13,13,68724,1,0,0,68687
1552327324107,68717,200,jp@gc - Ultimate Thread Group 1-125,172,221,12,12,68717,1,0,0,68681
1552327324269,68717,200,jp@gc - Ultimate Thread Group 1-124,172,221,11,11,68717,1,0,0,68680
1552327324343,68714,200,jp@gc - Ultimate Thread Group 1-26,172,221,10,10,68714,1,0,0,68679
1552327324424,68713,200,jp@gc - Ultimate Thread Group 1-123,172,221,9,9,68713,1,0,0,68678
1552327324587,68707,200,jp@gc - Ultimate Thread Group 1-122,172,221,8,8,68707,1,0,0,68672
1552327324756,68703,200,jp@gc - Ultimate Thread Group 1-121,172,221,7,7,68703,1,0,0,68667
1552327324921,68688,200,jp@gc - Ultimate Thread Group 1-120,172,221,6,6,68688,1,0,0,68652
1552327325092,68682,200,jp@gc - Ultimate Thread Group 1-119,172,221,5,5,68682,1,0,0,68644
1552327325262,68673,200,jp@gc - Ultimate Thread Group 1-118,172,221,4,4,68673,1,0,0,68636
1552327325590,68656,200,jp@gc - Ultimate Thread Group 1-116,172,221,3,3,68656,1,0,0,68619
1552327325636,68644,200,jp@gc - Ultimate Thread Group 1-24,172,221,2,2,68644,1,0,0,68609
1552327325749,68644,200,jp@gc - Ultimate Thread Group 1-115,172,221,1,1,68644,1,0,0,68607
